<?xml version="1.0" encoding="UTF-8"?>
<!-- Generated by org.testng.reporters.JUnitXMLReporter -->
<testsuite hostname="DESKTOP-IUTETS9" ignored="12" name="Test" tests="8" failures="4" timestamp="25 Jul 2019 20:26:59 GMT" time="17.103" errors="0">
  <testcase name="amazonLink" time="0.125" classname="com.walmart.test.HomePageTest"/>
  <testcase name="footerLinksTest" time="0.08" classname="com.walmart.test.HomePageTest"/>
  <testcase name="imeagesListTest" time="0.08" classname="com.walmart.test.HomePageTest"/>
  <testcase name="pageHeadersTest" time="0.065" classname="com.walmart.test.HomePageTest"/>
  <testcase name="searchDataTest" time="0.004" classname="com.walmart.test.SearchResultsTest">
    <failure type="java.lang.NullPointerException">
      <![CDATA[java.lang.NullPointerException
at com.walmart.base.Commonpage.searchData(Commonpage.java:20)
at com.walmart.test.SearchResultsTest.searchDataTest(SearchResultsTest.java:18)
... Removed 25 stack frames]]>
    </failure>
  </testcase> <!-- searchDataTest -->
  <testcase name="checkTest" time="0.001" classname="com.walmart.test.SearchResultsDetailsTest">
    <failure type="java.lang.NullPointerException">
      <![CDATA[java.lang.NullPointerException
at com.walmart.base.Commonpage.searchData(Commonpage.java:20)
at com.walmart.test.SearchResultsDetailsTest.checkTest(SearchResultsDetailsTest.java:22)
... Removed 25 stack frames]]>
    </failure>
  </testcase> <!-- checkTest -->
  <testcase name="liginCheckk" time="0.001" classname="com.walmart.test.PrimepageTest">
    <failure type="java.lang.NullPointerException">
      <![CDATA[java.lang.NullPointerException
at com.walmart.base.Commonpage.amazonPrime(Commonpage.java:42)
at com.walmart.test.PrimepageTest.liginCheckk(PrimepageTest.java:15)
... Removed 25 stack frames]]>
    </failure>
  </testcase> <!-- liginCheckk -->
  <testcase name="test1" time="0.002" classname="com.walmart.test.LoginPageTest">
    <failure type="java.lang.NullPointerException">
      <![CDATA[java.lang.NullPointerException
at com.walmart.base.Commonpage.amazonPrime(Commonpage.java:42)
at com.walmart.test.LoginPageTest.test1(LoginPageTest.java:21)
... Removed 25 stack frames]]>
    </failure>
  </testcase> <!-- test1 -->
  <testcase name="@BeforeTest beforeTest" time="0.0" classname="com.walmart.base.BaseTest">
    <ignored/>
  </testcase> <!-- @BeforeTest beforeTest -->
  <testcase name="@BeforeTest beforeTest" time="0.0" classname="com.walmart.base.BaseTest">
    <ignored/>
  </testcase> <!-- @BeforeTest beforeTest -->
  <testcase name="@BeforeTest beforeTest" time="0.0" classname="com.walmart.base.BaseTest">
    <ignored/>
  </testcase> <!-- @BeforeTest beforeTest -->
  <testcase name="@BeforeTest beforeTest" time="0.0" classname="com.walmart.base.BaseTest">
    <ignored/>
  </testcase> <!-- @BeforeTest beforeTest -->
  <testcase name="@BeforeSuite beforeSuite" time="0.0" classname="com.walmart.base.BaseTest">
    <ignored/>
  </testcase> <!-- @BeforeSuite beforeSuite -->
  <testcase name="@BeforeSuite beforeSuite" time="0.0" classname="com.walmart.base.BaseTest">
    <ignored/>
  </testcase> <!-- @BeforeSuite beforeSuite -->
  <testcase name="@BeforeSuite beforeSuite" time="0.0" classname="com.walmart.base.BaseTest">
    <ignored/>
  </testcase> <!-- @BeforeSuite beforeSuite -->
  <testcase name="@BeforeSuite beforeSuite" time="0.0" classname="com.walmart.base.BaseTest">
    <ignored/>
  </testcase> <!-- @BeforeSuite beforeSuite -->
  <testcase name="@AfterTest afterClass" time="0.0" classname="com.walmart.base.BaseTest">
    <ignored/>
  </testcase> <!-- @AfterTest afterClass -->
  <testcase name="@AfterTest afterClass" time="0.0" classname="com.walmart.base.BaseTest">
    <ignored/>
  </testcase> <!-- @AfterTest afterClass -->
  <testcase name="@AfterTest afterClass" time="0.0" classname="com.walmart.base.BaseTest">
    <ignored/>
  </testcase> <!-- @AfterTest afterClass -->
  <testcase name="@AfterTest afterClass" time="0.0" classname="com.walmart.base.BaseTest">
    <ignored/>
  </testcase> <!-- @AfterTest afterClass -->
</testsuite> <!-- Test -->
